# JRE version: 7.0_05-b05
# Java VM: Java HotSpot(TM) Client VM (23.1-b03 mixed mode windows-x86 )
Heap
 def new generation   total 4928K, used 4072K [0x03d40000, 0x04290000, 0x09290000)
  eden space 4416K,  86% used [0x03d40000, 0x040f9c98, 0x04190000)
  from space 512K,  50% used [0x04190000, 0x041d0550, 0x04210000)
  to   space 512K,   0% used [0x04210000, 0x04210000, 0x04290000)
 tenured generation   total 10944K, used 10379K [0x09290000, 0x09d40000, 0x13d40000)
   the space 10944K,  94% used [0x09290000, 0x09cb2c68, 0x09cb2e00, 0x09d40000)
 compacting perm gen  total 16128K, used 15960K [0x13d40000, 0x14d00000, 0x17d40000)
   the space 16128K,  98% used [0x13d40000, 0x14cd6320, 0x14cd6400, 0x14d00000)
GC Heap History (10 events):
Event: 95.525 GC heap before
{Heap before GC invocations=41 (full 0):
 def new generation   total 4928K, used 4602K [0x03d40000, 0x04290000, 0x09290000)
  eden space 4416K, 100% used [0x03d40000, 0x04190000, 0x04190000)
  from space 512K,  36% used [0x04210000, 0x0423ea88, 0x04290000)
  to   space 512K,   0% used [0x04190000, 0x04190000, 0x04210000)
 tenured generation   total 10944K, used 10092K [0x09290000, 0x09d40000, 0x13d40000)
   the space 10944K,  92% used [0x09290000, 0x09c6b0f0, 0x09c6b200, 0x09d40000)
 compacting perm gen  total 15872K, used 15774K [0x13d40000, 0x14cc0000, 0x17d40000)
   the space 15872K,  99% used [0x13d40000, 0x14ca7b78, 0x14ca7c00, 0x14cc0000)
No shared spaces configured.
Event: 95.528 GC heap after
Heap after GC invocations=42 (full 0):
 def new generation   total 4928K, used 370K [0x03d40000, 0x04290000, 0x09290000)
  eden space 4416K,   0% used [0x03d40000, 0x03d40000, 0x04190000)
  from space 512K,  72% used [0x04190000, 0x041ec9a0, 0x04210000)
  to   space 512K,   0% used [0x04210000, 0x04210000, 0x04290000)
 tenured generation   total 10944K, used 10092K [0x09290000, 0x09d40000, 0x13d40000)
   the space 10944K,  92% used [0x09290000, 0x09c6b0f0, 0x09c6b200, 0x09d40000)
 compacting perm gen  total 15872K, used 15774K [0x13d40000, 0x14cc0000, 0x17d40000)
   the space 15872K,  99% used [0x13d40000, 0x14ca7b78, 0x14ca7c00, 0x14cc0000)
No shared spaces configured.
}
Event: 95.740 GC heap before
{Heap before GC invocations=42 (full 0):
 def new generation   total 4928K, used 4786K [0x03d40000, 0x04290000, 0x09290000)
  eden space 4416K, 100% used [0x03d40000, 0x04190000, 0x04190000)
  from space 512K,  72% used [0x04190000, 0x041ec9a0, 0x04210000)
  to   space 512K,   0% used [0x04210000, 0x04210000, 0x04290000)
 tenured generation   total 10944K, used 10092K [0x09290000, 0x09d40000, 0x13d40000)
   the space 10944K,  92% used [0x09290000, 0x09c6b0f0, 0x09c6b200, 0x09d40000)
 compacting perm gen  total 15872K, used 15804K [0x13d40000, 0x14cc0000, 0x17d40000)
   the space 15872K,  99% used [0x13d40000, 0x14caf058, 0x14caf200, 0x14cc0000)
No shared spaces configured.
Event: 95.743 GC heap after
Heap after GC invocations=43 (full 0):
 def new generation   total 4928K, used 47K [0x03d40000, 0x04290000, 0x09290000)
  eden space 4416K,   0% used [0x03d40000, 0x03d40000, 0x04190000)
  from space 512K,   9% used [0x04210000, 0x0421bd28, 0x04290000)
  to   space 512K,   0% used [0x04190000, 0x04190000, 0x04210000)
 tenured generation   total 10944K, used 10379K [0x09290000, 0x09d40000, 0x13d40000)
   the space 10944K,  94% used [0x09290000, 0x09cb2c68, 0x09cb2e00, 0x09d40000)
 compacting perm gen  total 15872K, used 15804K [0x13d40000, 0x14cc0000, 0x17d40000)
   the space 15872K,  99% used [0x13d40000, 0x14caf058, 0x14caf200, 0x14cc0000)
No shared spaces configured.
}
Event: 96.001 GC heap before
{Heap before GC invocations=43 (full 0):
 def new generation   total 4928K, used 4463K [0x03d40000, 0x04290000, 0x09290000)
  eden space 4416K, 100% used [0x03d40000, 0x04190000, 0x04190000)
  from space 512K,   9% used [0x04210000, 0x0421bd28, 0x04290000)
  to   space 512K,   0% used [0x04190000, 0x04190000, 0x04210000)
 tenured generation   total 10944K, used 10379K [0x09290000, 0x09d40000, 0x13d40000)
   the space 10944K,  94% used [0x09290000, 0x09cb2c68, 0x09cb2e00, 0x09d40000)
 compacting perm gen  total 15872K, used 15804K [0x13d40000, 0x14cc0000, 0x17d40000)
   the space 15872K,  99% used [0x13d40000, 0x14caf058, 0x14caf200, 0x14cc0000)
No shared spaces configured.
Event: 96.002 GC heap after
Heap after GC invocations=44 (full 0):
 def new generation   total 4928K, used 27K [0x03d40000, 0x04290000, 0x09290000)
  eden space 4416K,   0% used [0x03d40000, 0x03d40000, 0x04190000)
  from space 512K,   5% used [0x04190000, 0x04196c28, 0x04210000)
  to   space 512K,   0% used [0x04210000, 0x04210000, 0x04290000)
 tenured generation   total 10944K, used 10379K [0x09290000, 0x09d40000, 0x13d40000)
   the space 10944K,  94% used [0x09290000, 0x09cb2c68, 0x09cb2e00, 0x09d40000)
 compacting perm gen  total 15872K, used 15804K [0x13d40000, 0x14cc0000, 0x17d40000)
   the space 15872K,  99% used [0x13d40000, 0x14caf058, 0x14caf200, 0x14cc0000)
No shared spaces configured.
}
Event: 96.171 GC heap before
{Heap before GC invocations=44 (full 0):
 def new generation   total 4928K, used 4443K [0x03d40000, 0x04290000, 0x09290000)
  eden space 4416K, 100% used [0x03d40000, 0x04190000, 0x04190000)
  from space 512K,   5% used [0x04190000, 0x04196c28, 0x04210000)
  to   space 512K,   0% used [0x04210000, 0x04210000, 0x04290000)
 tenured generation   total 10944K, used 10379K [0x09290000, 0x09d40000, 0x13d40000)
   the space 10944K,  94% used [0x09290000, 0x09cb2c68, 0x09cb2e00, 0x09d40000)
 compacting perm gen  total 15872K, used 15804K [0x13d40000, 0x14cc0000, 0x17d40000)
   the space 15872K,  99% used [0x13d40000, 0x14caf058, 0x14caf200, 0x14cc0000)
No shared spaces configured.
Event: 96.172 GC heap after
Heap after GC invocations=45 (full 0):
 def new generation   total 4928K, used 30K [0x03d40000, 0x04290000, 0x09290000)
  eden space 4416K,   0% used [0x03d40000, 0x03d40000, 0x04190000)
  from space 512K,   5% used [0x04210000, 0x04217a00, 0x04290000)
  to   space 512K,   0% used [0x04190000, 0x04190000, 0x04210000)
 tenured generation   total 10944K, used 10379K [0x09290000, 0x09d40000, 0x13d40000)
   the space 10944K,  94% used [0x09290000, 0x09cb2c68, 0x09cb2e00, 0x09d40000)
 compacting perm gen  total 15872K, used 15804K [0x13d40000, 0x14cc0000, 0x17d40000)
   the space 15872K,  99% used [0x13d40000, 0x14caf058, 0x14caf200, 0x14cc0000)
No shared spaces configured.
}
Event: 480.527 GC heap before
{Heap before GC invocations=45 (full 0):
 def new generation   total 4928K, used 4446K [0x03d40000, 0x04290000, 0x09290000)
  eden space 4416K, 100% used [0x03d40000, 0x04190000, 0x04190000)
  from space 512K,   5% used [0x04210000, 0x04217a00, 0x04290000)
  to   space 512K,   0% used [0x04190000, 0x04190000, 0x04210000)
 tenured generation   total 10944K, used 10379K [0x09290000, 0x09d40000, 0x13d40000)
   the space 10944K,  94% used [0x09290000, 0x09cb2c68, 0x09cb2e00, 0x09d40000)
 compacting perm gen  total 16128K, used 15938K [0x13d40000, 0x14d00000, 0x17d40000)
   the space 16128K,  98% used [0x13d40000, 0x14cd0920, 0x14cd0a00, 0x14d00000)
No shared spaces configured.
Event: 480.529 GC heap after
Heap after GC invocations=46 (full 0):
 def new generation   total 4928K, used 257K [0x03d40000, 0x04290000, 0x09290000)
  eden space 4416K,   0% used [0x03d40000, 0x03d40000, 0x04190000)
  from space 512K,  50% used [0x04190000, 0x041d0550, 0x04210000)
  to   space 512K,   0% used [0x04210000, 0x04210000, 0x04290000)
 tenured generation   total 10944K, used 10379K [0x09290000, 0x09d40000, 0x13d40000)
   the space 10944K,  94% used [0x09290000, 0x09cb2c68, 0x09cb2e00, 0x09d40000)
 compacting perm gen  total 16128K, used 15938K [0x13d40000, 0x14d00000, 0x17d40000)
   the space 16128K,  98% used [0x13d40000, 0x14cd0920, 0x14cd0a00, 0x14d00000)
No shared spaces configured.
}

